[22-Nov-2021 02:45:50 Europe/Berlin] App-> __construct : Se inicio la app.
[22-Nov-2021 02:45:50 Europe/Berlin] Session->__construct : Sesión iniciada 
[22-Nov-2021 02:45:50 Europe/Berlin] Database->__construct : Se ha establecido conexión con la base de datos
[22-Nov-2021 02:45:50 Europe/Berlin] Session->initialize : Se inicio la sesion y las verificaciones
[22-Nov-2021 02:45:50 Europe/Berlin] Session->getJsonPages : Obteniendo datos del archivo Json
[22-Nov-2021 02:45:50 Europe/Berlin] Session->existsUrl : Verificando si existe la página
[22-Nov-2021 02:45:50 Europe/Berlin] Session->verifySession : La pagina no existe
[22-Nov-2021 02:45:50 Europe/Berlin] App-> __construct : Se encontró el controlador admin y se está cargando.
[22-Nov-2021 02:45:50 Europe/Berlin] Controller-> __construct : Inicio del controlador padre.
[22-Nov-2021 02:45:50 Europe/Berlin] View-> __construct : Inicio de la clase vista
[22-Nov-2021 02:45:50 Europe/Berlin] Session->__construct : Sesión iniciada 
[22-Nov-2021 02:45:50 Europe/Berlin] Database->__construct : Se ha establecido conexión con la base de datos
[22-Nov-2021 02:45:50 Europe/Berlin] Session->getUserSession : Obteniendo el id del usuario en la sesion
[22-Nov-2021 02:45:50 Europe/Berlin] Database->__construct : Se ha establecido conexión con la base de datos
[22-Nov-2021 02:45:50 Europe/Berlin] App-> __construct : No se encontró el método  en admin.
[22-Nov-2021 02:45:50 Europe/Berlin] Database->__construct : Se ha establecido conexión con la base de datos
[22-Nov-2021 02:45:50 Europe/Berlin] Controller-> loadModel : Se cargó correctamente el modelo userModel
[22-Nov-2021 02:45:50 Europe/Berlin] View-> render : Vista views/sistema/admin.php cargada correctamente.
[22-Nov-2021 02:45:50 Europe/Berlin] App-> __construct : Se inicio la app.
[22-Nov-2021 02:45:50 Europe/Berlin] Session->__construct : Sesión iniciada 
[22-Nov-2021 02:45:50 Europe/Berlin] Database->__construct : Se ha establecido conexión con la base de datos
[22-Nov-2021 02:45:50 Europe/Berlin] Session->initialize : Se inicio la sesion y las verificaciones
[22-Nov-2021 02:45:50 Europe/Berlin] Session->getJsonPages : Obteniendo datos del archivo Json
[22-Nov-2021 02:45:50 Europe/Berlin] Session->existsUrl : Verificando si existe la página
[22-Nov-2021 02:45:50 Europe/Berlin] Session->verifySession : La pagina no existe
[22-Nov-2021 02:45:50 Europe/Berlin] App-> __construct : No se encontró el controlador plugins
[22-Nov-2021 02:45:50 Europe/Berlin] ErrorPage-> __construct : Inicio del controlador ErrorPage
[22-Nov-2021 02:45:50 Europe/Berlin] Controller-> __construct : Inicio del controlador padre.
[22-Nov-2021 02:45:50 Europe/Berlin] View-> __construct : Inicio de la clase vista
[22-Nov-2021 02:45:50 Europe/Berlin] Controller-> loadModel : No se pudo cargar el modelo Model
[22-Nov-2021 02:45:50 Europe/Berlin] View-> render : Vista views/error404/index.php cargada correctamente.
[22-Nov-2021 02:46:27 Europe/Berlin] App-> __construct : Se inicio la app.
[22-Nov-2021 02:46:27 Europe/Berlin] Session->__construct : Sesión iniciada 
[22-Nov-2021 02:46:27 Europe/Berlin] Database->__construct : Se ha establecido conexión con la base de datos
[22-Nov-2021 02:46:27 Europe/Berlin] Session->initialize : Se inicio la sesion y las verificaciones
[22-Nov-2021 02:46:27 Europe/Berlin] Session->getJsonPages : Obteniendo datos del archivo Json
[22-Nov-2021 02:46:27 Europe/Berlin] Session->existsUrl : Verificando si existe la página
[22-Nov-2021 02:46:27 Europe/Berlin] Session->verifySession : La pagina no existe
[22-Nov-2021 02:46:27 Europe/Berlin] App-> __construct : Se encontró el controlador admin y se está cargando.
[22-Nov-2021 02:46:27 Europe/Berlin] Controller-> __construct : Inicio del controlador padre.
[22-Nov-2021 02:46:27 Europe/Berlin] View-> __construct : Inicio de la clase vista
[22-Nov-2021 02:46:27 Europe/Berlin] Session->__construct : Sesión iniciada 
[22-Nov-2021 02:46:27 Europe/Berlin] Database->__construct : Se ha establecido conexión con la base de datos
[22-Nov-2021 02:46:27 Europe/Berlin] Session->getUserSession : Obteniendo el id del usuario en la sesion
[22-Nov-2021 02:46:27 Europe/Berlin] Database->__construct : Se ha establecido conexión con la base de datos
[22-Nov-2021 02:46:27 Europe/Berlin] App-> __construct : No se encontró el método  en admin.
[22-Nov-2021 02:46:27 Europe/Berlin] Database->__construct : Se ha establecido conexión con la base de datos
[22-Nov-2021 02:46:27 Europe/Berlin] Controller-> loadModel : Se cargó correctamente el modelo userModel
[22-Nov-2021 02:46:27 Europe/Berlin] View-> render : Vista views/sistema/admin.php cargada correctamente.
[22-Nov-2021 02:46:27 Europe/Berlin] App-> __construct : Se inicio la app.
[22-Nov-2021 02:46:27 Europe/Berlin] Session->__construct : Sesión iniciada 
[22-Nov-2021 02:46:27 Europe/Berlin] Database->__construct : Se ha establecido conexión con la base de datos
[22-Nov-2021 02:46:27 Europe/Berlin] Session->initialize : Se inicio la sesion y las verificaciones
[22-Nov-2021 02:46:27 Europe/Berlin] Session->getJsonPages : Obteniendo datos del archivo Json
[22-Nov-2021 02:46:27 Europe/Berlin] Session->existsUrl : Verificando si existe la página
[22-Nov-2021 02:46:27 Europe/Berlin] Session->verifySession : La pagina no existe
[22-Nov-2021 02:46:27 Europe/Berlin] App-> __construct : No se encontró el controlador plugins
[22-Nov-2021 02:46:27 Europe/Berlin] ErrorPage-> __construct : Inicio del controlador ErrorPage
[22-Nov-2021 02:46:27 Europe/Berlin] Controller-> __construct : Inicio del controlador padre.
[22-Nov-2021 02:46:27 Europe/Berlin] View-> __construct : Inicio de la clase vista
[22-Nov-2021 02:46:27 Europe/Berlin] Controller-> loadModel : No se pudo cargar el modelo Model
[22-Nov-2021 02:46:27 Europe/Berlin] View-> render : Vista views/error404/index.php cargada correctamente.
[22-Nov-2021 02:48:06 Europe/Berlin] App-> __construct : Se inicio la app.
[22-Nov-2021 02:48:06 Europe/Berlin] Session->__construct : Sesión iniciada 
[22-Nov-2021 02:48:06 Europe/Berlin] Database->__construct : Se ha establecido conexión con la base de datos
[22-Nov-2021 02:48:06 Europe/Berlin] Session->initialize : Se inicio la sesion y las verificaciones
[22-Nov-2021 02:48:06 Europe/Berlin] Session->getJsonPages : Obteniendo datos del archivo Json
[22-Nov-2021 02:48:06 Europe/Berlin] Session->existsUrl : Verificando si existe la página
[22-Nov-2021 02:48:06 Europe/Berlin] Session->verifySession : La pagina no existe
[22-Nov-2021 02:48:06 Europe/Berlin] App-> __construct : Se encontró el controlador admin y se está cargando.
[22-Nov-2021 02:48:06 Europe/Berlin] Controller-> __construct : Inicio del controlador padre.
[22-Nov-2021 02:48:06 Europe/Berlin] View-> __construct : Inicio de la clase vista
[22-Nov-2021 02:48:06 Europe/Berlin] Session->__construct : Sesión iniciada 
[22-Nov-2021 02:48:06 Europe/Berlin] Database->__construct : Se ha establecido conexión con la base de datos
[22-Nov-2021 02:48:06 Europe/Berlin] Session->getUserSession : Obteniendo el id del usuario en la sesion
[22-Nov-2021 02:48:06 Europe/Berlin] Database->__construct : Se ha establecido conexión con la base de datos
[22-Nov-2021 02:48:06 Europe/Berlin] App-> __construct : No se encontró el método  en admin.
[22-Nov-2021 02:48:06 Europe/Berlin] Database->__construct : Se ha establecido conexión con la base de datos
[22-Nov-2021 02:48:06 Europe/Berlin] Controller-> loadModel : Se cargó correctamente el modelo userModel
[22-Nov-2021 02:48:06 Europe/Berlin] PHP Warning:  Undefined array key ":password" in C:\xampp\htdocs\public_html\Paradise_Cosmetics\views\sistema\admin.php on line 37
[22-Nov-2021 02:48:06 Europe/Berlin] View-> render : Vista views/sistema/admin.php cargada correctamente.
[22-Nov-2021 02:48:06 Europe/Berlin] App-> __construct : Se inicio la app.
[22-Nov-2021 02:48:06 Europe/Berlin] Session->__construct : Sesión iniciada 
[22-Nov-2021 02:48:06 Europe/Berlin] Database->__construct : Se ha establecido conexión con la base de datos
[22-Nov-2021 02:48:06 Europe/Berlin] Session->initialize : Se inicio la sesion y las verificaciones
[22-Nov-2021 02:48:06 Europe/Berlin] Session->getJsonPages : Obteniendo datos del archivo Json
[22-Nov-2021 02:48:06 Europe/Berlin] Session->existsUrl : Verificando si existe la página
[22-Nov-2021 02:48:06 Europe/Berlin] Session->verifySession : La pagina no existe
[22-Nov-2021 02:48:06 Europe/Berlin] App-> __construct : No se encontró el controlador plugins
[22-Nov-2021 02:48:06 Europe/Berlin] ErrorPage-> __construct : Inicio del controlador ErrorPage
[22-Nov-2021 02:48:06 Europe/Berlin] Controller-> __construct : Inicio del controlador padre.
[22-Nov-2021 02:48:06 Europe/Berlin] View-> __construct : Inicio de la clase vista
[22-Nov-2021 02:48:06 Europe/Berlin] Controller-> loadModel : No se pudo cargar el modelo Model
[22-Nov-2021 02:48:06 Europe/Berlin] View-> render : Vista views/error404/index.php cargada correctamente.
[22-Nov-2021 02:48:12 Europe/Berlin] App-> __construct : Se inicio la app.
[22-Nov-2021 02:48:12 Europe/Berlin] Session->__construct : Sesión iniciada 
[22-Nov-2021 02:48:12 Europe/Berlin] Database->__construct : Se ha establecido conexión con la base de datos
[22-Nov-2021 02:48:12 Europe/Berlin] Session->initialize : Se inicio la sesion y las verificaciones
[22-Nov-2021 02:48:12 Europe/Berlin] Session->getJsonPages : Obteniendo datos del archivo Json
[22-Nov-2021 02:48:12 Europe/Berlin] Session->existsUrl : Verificando si existe la página
[22-Nov-2021 02:48:12 Europe/Berlin] Session->verifySession : La pagina no existe
[22-Nov-2021 02:48:12 Europe/Berlin] App-> __construct : Se encontró el controlador admin y se está cargando.
[22-Nov-2021 02:48:12 Europe/Berlin] Controller-> __construct : Inicio del controlador padre.
[22-Nov-2021 02:48:12 Europe/Berlin] View-> __construct : Inicio de la clase vista
[22-Nov-2021 02:48:12 Europe/Berlin] Session->__construct : Sesión iniciada 
[22-Nov-2021 02:48:12 Europe/Berlin] Database->__construct : Se ha establecido conexión con la base de datos
[22-Nov-2021 02:48:12 Europe/Berlin] Session->getUserSession : Obteniendo el id del usuario en la sesion
[22-Nov-2021 02:48:12 Europe/Berlin] Database->__construct : Se ha establecido conexión con la base de datos
[22-Nov-2021 02:48:12 Europe/Berlin] App-> __construct : No se encontró el método  en admin.
[22-Nov-2021 02:48:12 Europe/Berlin] Database->__construct : Se ha establecido conexión con la base de datos
[22-Nov-2021 02:48:12 Europe/Berlin] Controller-> loadModel : Se cargó correctamente el modelo userModel
[22-Nov-2021 02:48:12 Europe/Berlin] View-> render : Vista views/sistema/admin.php cargada correctamente.
[22-Nov-2021 02:48:12 Europe/Berlin] App-> __construct : Se inicio la app.
[22-Nov-2021 02:48:12 Europe/Berlin] Session->__construct : Sesión iniciada 
[22-Nov-2021 02:48:12 Europe/Berlin] Database->__construct : Se ha establecido conexión con la base de datos
[22-Nov-2021 02:48:12 Europe/Berlin] Session->initialize : Se inicio la sesion y las verificaciones
[22-Nov-2021 02:48:12 Europe/Berlin] Session->getJsonPages : Obteniendo datos del archivo Json
[22-Nov-2021 02:48:12 Europe/Berlin] Session->existsUrl : Verificando si existe la página
[22-Nov-2021 02:48:12 Europe/Berlin] Session->verifySession : La pagina no existe
[22-Nov-2021 02:48:12 Europe/Berlin] App-> __construct : No se encontró el controlador plugins
[22-Nov-2021 02:48:12 Europe/Berlin] ErrorPage-> __construct : Inicio del controlador ErrorPage
[22-Nov-2021 02:48:12 Europe/Berlin] Controller-> __construct : Inicio del controlador padre.
[22-Nov-2021 02:48:12 Europe/Berlin] View-> __construct : Inicio de la clase vista
[22-Nov-2021 02:48:12 Europe/Berlin] Controller-> loadModel : No se pudo cargar el modelo Model
[22-Nov-2021 02:48:12 Europe/Berlin] View-> render : Vista views/error404/index.php cargada correctamente.
[22-Nov-2021 02:48:24 Europe/Berlin] App-> __construct : Se inicio la app.
[22-Nov-2021 02:48:24 Europe/Berlin] Session->__construct : Sesión iniciada 
[22-Nov-2021 02:48:24 Europe/Berlin] Database->__construct : Se ha establecido conexión con la base de datos
[22-Nov-2021 02:48:24 Europe/Berlin] Session->initialize : Se inicio la sesion y las verificaciones
[22-Nov-2021 02:48:24 Europe/Berlin] Session->getJsonPages : Obteniendo datos del archivo Json
[22-Nov-2021 02:48:24 Europe/Berlin] Session->existsUrl : Verificando si existe la página
[22-Nov-2021 02:48:24 Europe/Berlin] Session->verifySession : La pagina no existe
[22-Nov-2021 02:48:24 Europe/Berlin] App-> __construct : Se encontró el controlador admin y se está cargando.
[22-Nov-2021 02:48:24 Europe/Berlin] Controller-> __construct : Inicio del controlador padre.
[22-Nov-2021 02:48:24 Europe/Berlin] View-> __construct : Inicio de la clase vista
[22-Nov-2021 02:48:24 Europe/Berlin] Session->__construct : Sesión iniciada 
[22-Nov-2021 02:48:24 Europe/Berlin] Database->__construct : Se ha establecido conexión con la base de datos
[22-Nov-2021 02:48:24 Europe/Berlin] Session->getUserSession : Obteniendo el id del usuario en la sesion
[22-Nov-2021 02:48:24 Europe/Berlin] Database->__construct : Se ha establecido conexión con la base de datos
[22-Nov-2021 02:48:24 Europe/Berlin] App-> __construct : Cargando el método updateInfo.
[22-Nov-2021 02:48:24 Europe/Berlin] Database->__construct : Se ha establecido conexión con la base de datos
[22-Nov-2021 02:48:24 Europe/Berlin] Controller-> loadModel : Se cargó correctamente el modelo userModel
[22-Nov-2021 02:48:24 Europe/Berlin] Session->getUserSession : Obteniendo el id del usuario en la sesion
[22-Nov-2021 02:48:24 Europe/Berlin] UserModel->setScheme : Esquema de datos establecido
[22-Nov-2021 02:48:24 Europe/Berlin] User-> updateInfo : Se ha actualizado el usuario correctamente
[22-Nov-2021 02:48:24 Europe/Berlin] Database->__construct : Se ha establecido conexión con la base de datos
[22-Nov-2021 02:48:24 Europe/Berlin] Controller-> loadModel : Se cargó correctamente el modelo userModel
[22-Nov-2021 02:48:24 Europe/Berlin] View-> render : Vista views/sistema/admin.php cargada correctamente.
[22-Nov-2021 02:48:25 Europe/Berlin] App-> __construct : Se inicio la app.
[22-Nov-2021 02:48:25 Europe/Berlin] Session->__construct : Sesión iniciada 
[22-Nov-2021 02:48:25 Europe/Berlin] Database->__construct : Se ha establecido conexión con la base de datos
[22-Nov-2021 02:48:25 Europe/Berlin] Session->initialize : Se inicio la sesion y las verificaciones
[22-Nov-2021 02:48:25 Europe/Berlin] Session->getJsonPages : Obteniendo datos del archivo Json
[22-Nov-2021 02:48:25 Europe/Berlin] Session->existsUrl : Verificando si existe la página
[22-Nov-2021 02:48:25 Europe/Berlin] Session->verifySession : La pagina user existe
[22-Nov-2021 02:48:25 Europe/Berlin] Session->isPublic : Verificando el acceso de la página
[22-Nov-2021 02:48:25 Europe/Berlin] Session->verifySession : La pagina user es de acceso privado
[22-Nov-2021 02:48:25 Europe/Berlin] Session->verifySession : El usuario se encuentra logueado
[22-Nov-2021 02:48:25 Europe/Berlin] Session->verifyRol : Verificando el rol del usuario
[22-Nov-2021 02:48:25 Europe/Berlin] Session->verifySession : El usuario intenta acceder a una pagina que no es de su rol
[22-Nov-2021 02:48:25 Europe/Berlin] Session->redirectByRol : Redirigiendo al usuario por su rol
[22-Nov-2021 02:48:25 Europe/Berlin] App-> __construct : Se encontró el controlador user y se está cargando.
[22-Nov-2021 02:48:25 Europe/Berlin] Controller-> __construct : Inicio del controlador padre.
[22-Nov-2021 02:48:25 Europe/Berlin] View-> __construct : Inicio de la clase vista
[22-Nov-2021 02:48:25 Europe/Berlin] Session->__construct : Sesión iniciada 
[22-Nov-2021 02:48:25 Europe/Berlin] Database->__construct : Se ha establecido conexión con la base de datos
[22-Nov-2021 02:48:25 Europe/Berlin] Session->getUserSession : Obteniendo el id del usuario en la sesion
[22-Nov-2021 02:48:25 Europe/Berlin] Database->__construct : Se ha establecido conexión con la base de datos
[22-Nov-2021 02:48:25 Europe/Berlin] App-> __construct : No se encontró el método  en user.
[22-Nov-2021 02:48:25 Europe/Berlin] Database->__construct : Se ha establecido conexión con la base de datos
[22-Nov-2021 02:48:25 Europe/Berlin] Controller-> loadModel : Se cargó correctamente el modelo userModel
[22-Nov-2021 02:48:25 Europe/Berlin] View-> handleMessage : Se está procesando el mensaje
[22-Nov-2021 02:48:25 Europe/Berlin] View-> render : Vista views/dashboard/user.php cargada correctamente.
[22-Nov-2021 02:48:25 Europe/Berlin] App-> __construct : Se inicio la app.
[22-Nov-2021 02:48:25 Europe/Berlin] Session->__construct : Sesión iniciada 
[22-Nov-2021 02:48:25 Europe/Berlin] Database->__construct : Se ha establecido conexión con la base de datos
[22-Nov-2021 02:48:25 Europe/Berlin] Session->initialize : Se inicio la sesion y las verificaciones
[22-Nov-2021 02:48:25 Europe/Berlin] Session->getJsonPages : Obteniendo datos del archivo Json
[22-Nov-2021 02:48:25 Europe/Berlin] Session->existsUrl : Verificando si existe la página
[22-Nov-2021 02:48:25 Europe/Berlin] Session->verifySession : La pagina sistema existe
[22-Nov-2021 02:48:25 Europe/Berlin] Session->isPublic : Verificando el acceso de la página
[22-Nov-2021 02:48:25 Europe/Berlin] Session->verifySession : La pagina sistema es de acceso privado
[22-Nov-2021 02:48:25 Europe/Berlin] Session->verifySession : El usuario se encuentra logueado
[22-Nov-2021 02:48:25 Europe/Berlin] Session->verifyRol : Verificando el rol del usuario
[22-Nov-2021 02:48:25 Europe/Berlin] App-> __construct : Se encontró el controlador sistema y se está cargando.
[22-Nov-2021 02:48:25 Europe/Berlin] Controller-> __construct : Inicio del controlador padre.
[22-Nov-2021 02:48:25 Europe/Berlin] View-> __construct : Inicio de la clase vista
[22-Nov-2021 02:48:25 Europe/Berlin] Session->__construct : Sesión iniciada 
[22-Nov-2021 02:48:25 Europe/Berlin] Database->__construct : Se ha establecido conexión con la base de datos
[22-Nov-2021 02:48:25 Europe/Berlin] Session->getUserSession : Obteniendo el id del usuario en la sesion
[22-Nov-2021 02:48:25 Europe/Berlin] Database->__construct : Se ha establecido conexión con la base de datos
[22-Nov-2021 02:48:25 Europe/Berlin] App-> __construct : No se encontró el método  en sistema.
[22-Nov-2021 02:48:25 Europe/Berlin] Controller-> loadModel : No se pudo cargar el modelo Model
[22-Nov-2021 02:48:25 Europe/Berlin] View-> render : Vista views/sistema/index.php cargada correctamente.
[22-Nov-2021 02:48:25 Europe/Berlin] App-> __construct : Se inicio la app.
[22-Nov-2021 02:48:25 Europe/Berlin] Session->__construct : Sesión iniciada 
[22-Nov-2021 02:48:25 Europe/Berlin] Database->__construct : Se ha establecido conexión con la base de datos
[22-Nov-2021 02:48:25 Europe/Berlin] App-> __construct : Se inicio la app.
[22-Nov-2021 02:48:25 Europe/Berlin] Session->initialize : Se inicio la sesion y las verificaciones
[22-Nov-2021 02:48:25 Europe/Berlin] Session->getJsonPages : Obteniendo datos del archivo Json
[22-Nov-2021 02:48:25 Europe/Berlin] Session->existsUrl : Verificando si existe la página
[22-Nov-2021 02:48:25 Europe/Berlin] Session->verifySession : La pagina no existe
[22-Nov-2021 02:48:25 Europe/Berlin] App-> __construct : No se encontró el controlador views
[22-Nov-2021 02:48:25 Europe/Berlin] ErrorPage-> __construct : Inicio del controlador ErrorPage
[22-Nov-2021 02:48:25 Europe/Berlin] Controller-> __construct : Inicio del controlador padre.
[22-Nov-2021 02:48:25 Europe/Berlin] View-> __construct : Inicio de la clase vista
[22-Nov-2021 02:48:25 Europe/Berlin] Controller-> loadModel : No se pudo cargar el modelo Model
[22-Nov-2021 02:48:25 Europe/Berlin] View-> render : Vista views/error404/index.php cargada correctamente.
[22-Nov-2021 02:48:25 Europe/Berlin] Session->__construct : Sesión iniciada 
[22-Nov-2021 02:48:25 Europe/Berlin] Database->__construct : Se ha establecido conexión con la base de datos
[22-Nov-2021 02:48:25 Europe/Berlin] Session->initialize : Se inicio la sesion y las verificaciones
[22-Nov-2021 02:48:25 Europe/Berlin] Session->getJsonPages : Obteniendo datos del archivo Json
[22-Nov-2021 02:48:25 Europe/Berlin] Session->existsUrl : Verificando si existe la página
[22-Nov-2021 02:48:25 Europe/Berlin] Session->verifySession : La pagina no existe
[22-Nov-2021 02:48:25 Europe/Berlin] App-> __construct : No se encontró el controlador views
[22-Nov-2021 02:48:25 Europe/Berlin] ErrorPage-> __construct : Inicio del controlador ErrorPage
[22-Nov-2021 02:48:25 Europe/Berlin] Controller-> __construct : Inicio del controlador padre.
[22-Nov-2021 02:48:25 Europe/Berlin] View-> __construct : Inicio de la clase vista
[22-Nov-2021 02:48:25 Europe/Berlin] Controller-> loadModel : No se pudo cargar el modelo Model
[22-Nov-2021 02:48:25 Europe/Berlin] View-> render : Vista views/error404/index.php cargada correctamente.
[22-Nov-2021 02:48:25 Europe/Berlin] App-> __construct : Se inicio la app.
[22-Nov-2021 02:48:25 Europe/Berlin] Session->__construct : Sesión iniciada 
[22-Nov-2021 02:48:25 Europe/Berlin] Database->__construct : Se ha establecido conexión con la base de datos
[22-Nov-2021 02:48:25 Europe/Berlin] Session->initialize : Se inicio la sesion y las verificaciones
[22-Nov-2021 02:48:25 Europe/Berlin] Session->getJsonPages : Obteniendo datos del archivo Json
[22-Nov-2021 02:48:25 Europe/Berlin] Session->existsUrl : Verificando si existe la página
[22-Nov-2021 02:48:25 Europe/Berlin] Session->verifySession : La pagina no existe
[22-Nov-2021 02:48:25 Europe/Berlin] App-> __construct : No se encontró el controlador theme-assets
[22-Nov-2021 02:48:25 Europe/Berlin] ErrorPage-> __construct : Inicio del controlador ErrorPage
[22-Nov-2021 02:48:25 Europe/Berlin] Controller-> __construct : Inicio del controlador padre.
[22-Nov-2021 02:48:25 Europe/Berlin] View-> __construct : Inicio de la clase vista
[22-Nov-2021 02:48:25 Europe/Berlin] Controller-> loadModel : No se pudo cargar el modelo Model
[22-Nov-2021 02:48:25 Europe/Berlin] View-> render : Vista views/error404/index.php cargada correctamente.
[22-Nov-2021 02:48:30 Europe/Berlin] App-> __construct : Se inicio la app.
[22-Nov-2021 02:48:30 Europe/Berlin] Session->__construct : Sesión iniciada 
[22-Nov-2021 02:48:30 Europe/Berlin] Database->__construct : Se ha establecido conexión con la base de datos
[22-Nov-2021 02:48:30 Europe/Berlin] Session->initialize : Se inicio la sesion y las verificaciones
[22-Nov-2021 02:48:30 Europe/Berlin] Session->getJsonPages : Obteniendo datos del archivo Json
[22-Nov-2021 02:48:30 Europe/Berlin] Session->existsUrl : Verificando si existe la página
[22-Nov-2021 02:48:30 Europe/Berlin] Session->verifySession : La pagina no existe
[22-Nov-2021 02:48:30 Europe/Berlin] App-> __construct : Se encontró el controlador admin y se está cargando.
[22-Nov-2021 02:48:30 Europe/Berlin] Controller-> __construct : Inicio del controlador padre.
[22-Nov-2021 02:48:30 Europe/Berlin] View-> __construct : Inicio de la clase vista
[22-Nov-2021 02:48:30 Europe/Berlin] Session->__construct : Sesión iniciada 
[22-Nov-2021 02:48:30 Europe/Berlin] Database->__construct : Se ha establecido conexión con la base de datos
[22-Nov-2021 02:48:30 Europe/Berlin] Session->getUserSession : Obteniendo el id del usuario en la sesion
[22-Nov-2021 02:48:30 Europe/Berlin] Database->__construct : Se ha establecido conexión con la base de datos
[22-Nov-2021 02:48:30 Europe/Berlin] App-> __construct : No se encontró el método  en admin.
[22-Nov-2021 02:48:30 Europe/Berlin] Database->__construct : Se ha establecido conexión con la base de datos
[22-Nov-2021 02:48:30 Europe/Berlin] Controller-> loadModel : Se cargó correctamente el modelo userModel
[22-Nov-2021 02:48:30 Europe/Berlin] View-> render : Vista views/sistema/admin.php cargada correctamente.
[22-Nov-2021 02:48:30 Europe/Berlin] App-> __construct : Se inicio la app.
[22-Nov-2021 02:48:30 Europe/Berlin] Session->__construct : Sesión iniciada 
[22-Nov-2021 02:48:30 Europe/Berlin] Database->__construct : Se ha establecido conexión con la base de datos
[22-Nov-2021 02:48:30 Europe/Berlin] Session->initialize : Se inicio la sesion y las verificaciones
[22-Nov-2021 02:48:30 Europe/Berlin] Session->getJsonPages : Obteniendo datos del archivo Json
[22-Nov-2021 02:48:30 Europe/Berlin] Session->existsUrl : Verificando si existe la página
[22-Nov-2021 02:48:30 Europe/Berlin] Session->verifySession : La pagina no existe
[22-Nov-2021 02:48:30 Europe/Berlin] App-> __construct : No se encontró el controlador plugins
[22-Nov-2021 02:48:30 Europe/Berlin] ErrorPage-> __construct : Inicio del controlador ErrorPage
[22-Nov-2021 02:48:30 Europe/Berlin] Controller-> __construct : Inicio del controlador padre.
[22-Nov-2021 02:48:30 Europe/Berlin] View-> __construct : Inicio de la clase vista
[22-Nov-2021 02:48:30 Europe/Berlin] Controller-> loadModel : No se pudo cargar el modelo Model
[22-Nov-2021 02:48:30 Europe/Berlin] View-> render : Vista views/error404/index.php cargada correctamente.
